

Started GET "/assets/rails.png" for 127.0.0.1 at 2013-03-21 18:45:04 +0530
Connecting to database specified by database.yml

ActiveRecord::ConnectionNotEstablished (ActiveRecord::ConnectionNotEstablished):
  activerecord (3.2.12) lib/active_record/connection_adapters/abstract/connection_pool.rb:410:in `retrieve_connection'
  activerecord (3.2.12) lib/active_record/connection_adapters/abstract/connection_specification.rb:171:in `retrieve_connection'
  activerecord (3.2.12) lib/active_record/connection_adapters/abstract/connection_specification.rb:145:in `connection'
  activerecord (3.2.12) lib/active_record/query_cache.rb:67:in `rescue in call'
  activerecord (3.2.12) lib/active_record/query_cache.rb:61:in `call'
  activerecord (3.2.12) lib/active_record/connection_adapters/abstract/connection_pool.rb:479:in `call'
  actionpack (3.2.12) lib/action_dispatch/middleware/callbacks.rb:28:in `block in call'
  activesupport (3.2.12) lib/active_support/callbacks.rb:405:in `_run__448993217__call__1073182964__callbacks'
  activesupport (3.2.12) lib/active_support/callbacks.rb:405:in `__run_callback'
  activesupport (3.2.12) lib/active_support/callbacks.rb:385:in `_run_call_callbacks'
  activesupport (3.2.12) lib/active_support/callbacks.rb:81:in `run_callbacks'
  actionpack (3.2.12) lib/action_dispatch/middleware/callbacks.rb:27:in `call'
  actionpack (3.2.12) lib/action_dispatch/middleware/reloader.rb:65:in `call'
  actionpack (3.2.12) lib/action_dispatch/middleware/remote_ip.rb:31:in `call'
  actionpack (3.2.12) lib/action_dispatch/middleware/debug_exceptions.rb:16:in `call'
  actionpack (3.2.12) lib/action_dispatch/middleware/show_exceptions.rb:56:in `call'
  railties (3.2.12) lib/rails/rack/logger.rb:32:in `call_app'
  railties (3.2.12) lib/rails/rack/logger.rb:16:in `block in call'
  activesupport (3.2.12) lib/active_support/tagged_logging.rb:22:in `tagged'
  railties (3.2.12) lib/rails/rack/logger.rb:16:in `call'
  actionpack (3.2.12) lib/action_dispatch/middleware/request_id.rb:22:in `call'
  rack (1.4.5) lib/rack/methodoverride.rb:21:in `call'
  rack (1.4.5) lib/rack/runtime.rb:17:in `call'
  activesupport (3.2.12) lib/active_support/cache/strategy/local_cache.rb:72:in `call'
  rack (1.4.5) lib/rack/lock.rb:15:in `call'
  actionpack (3.2.12) lib/action_dispatch/middleware/static.rb:62:in `call'
  railties (3.2.12) lib/rails/engine.rb:479:in `call'
  railties (3.2.12) lib/rails/application.rb:223:in `call'
  rack (1.4.5) lib/rack/content_length.rb:14:in `call'
  railties (3.2.12) lib/rails/rack/log_tailer.rb:17:in `call'
  rack (1.4.5) lib/rack/handler/webrick.rb:59:in `service'
  /home/asisht/.rvm/rubies/ruby-1.9.2-p290/lib/ruby/1.9.1/webrick/httpserver.rb:111:in `service'
  /home/asisht/.rvm/rubies/ruby-1.9.2-p290/lib/ruby/1.9.1/webrick/httpserver.rb:70:in `run'
  /home/asisht/.rvm/rubies/ruby-1.9.2-p290/lib/ruby/1.9.1/webrick/server.rb:183:in `block in start_thread'


  Rendered /home/asisht/.rvm/gems/ruby-1.9.2-p290/gems/actionpack-3.2.12/lib/action_dispatch/middleware/templates/rescues/_trace.erb (1.1ms)
  Rendered /home/asisht/.rvm/gems/ruby-1.9.2-p290/gems/actionpack-3.2.12/lib/action_dispatch/middleware/templates/rescues/_request_and_response.erb (8.0ms)
  Rendered /home/asisht/.rvm/gems/ruby-1.9.2-p290/gems/actionpack-3.2.12/lib/action_dispatch/middleware/templates/rescues/diagnostics.erb within rescues/layout (44.7ms)


Started GET "/rails/info/properties" for 127.0.0.1 at 2013-03-21 18:45:09 +0530

ActiveRecord::ConnectionNotEstablished (ActiveRecord::ConnectionNotEstablished):
  activerecord (3.2.12) lib/active_record/connection_adapters/abstract/connection_pool.rb:410:in `retrieve_connection'
  activerecord (3.2.12) lib/active_record/connection_adapters/abstract/connection_specification.rb:171:in `retrieve_connection'
  activerecord (3.2.12) lib/active_record/connection_adapters/abstract/connection_specification.rb:145:in `connection'
  activerecord (3.2.12) lib/active_record/query_cache.rb:67:in `rescue in call'
  activerecord (3.2.12) lib/active_record/query_cache.rb:61:in `call'
  activerecord (3.2.12) lib/active_record/connection_adapters/abstract/connection_pool.rb:479:in `call'
  actionpack (3.2.12) lib/action_dispatch/middleware/callbacks.rb:28:in `block in call'
  activesupport (3.2.12) lib/active_support/callbacks.rb:405:in `_run__448993217__call__1073182964__callbacks'
  activesupport (3.2.12) lib/active_support/callbacks.rb:405:in `__run_callback'
  activesupport (3.2.12) lib/active_support/callbacks.rb:385:in `_run_call_callbacks'
  activesupport (3.2.12) lib/active_support/callbacks.rb:81:in `run_callbacks'
  actionpack (3.2.12) lib/action_dispatch/middleware/callbacks.rb:27:in `call'
  actionpack (3.2.12) lib/action_dispatch/middleware/reloader.rb:65:in `call'
  actionpack (3.2.12) lib/action_dispatch/middleware/remote_ip.rb:31:in `call'
  actionpack (3.2.12) lib/action_dispatch/middleware/debug_exceptions.rb:16:in `call'
  actionpack (3.2.12) lib/action_dispatch/middleware/show_exceptions.rb:56:in `call'
  railties (3.2.12) lib/rails/rack/logger.rb:32:in `call_app'
  railties (3.2.12) lib/rails/rack/logger.rb:16:in `block in call'
  activesupport (3.2.12) lib/active_support/tagged_logging.rb:22:in `tagged'
  railties (3.2.12) lib/rails/rack/logger.rb:16:in `call'
  actionpack (3.2.12) lib/action_dispatch/middleware/request_id.rb:22:in `call'
  rack (1.4.5) lib/rack/methodoverride.rb:21:in `call'
  rack (1.4.5) lib/rack/runtime.rb:17:in `call'
  activesupport (3.2.12) lib/active_support/cache/strategy/local_cache.rb:72:in `call'
  rack (1.4.5) lib/rack/lock.rb:15:in `call'
  actionpack (3.2.12) lib/action_dispatch/middleware/static.rb:62:in `call'
  railties (3.2.12) lib/rails/engine.rb:479:in `call'
  railties (3.2.12) lib/rails/application.rb:223:in `call'
  rack (1.4.5) lib/rack/content_length.rb:14:in `call'
  railties (3.2.12) lib/rails/rack/log_tailer.rb:17:in `call'
  rack (1.4.5) lib/rack/handler/webrick.rb:59:in `service'
  /home/asisht/.rvm/rubies/ruby-1.9.2-p290/lib/ruby/1.9.1/webrick/httpserver.rb:111:in `service'
  /home/asisht/.rvm/rubies/ruby-1.9.2-p290/lib/ruby/1.9.1/webrick/httpserver.rb:70:in `run'
  /home/asisht/.rvm/rubies/ruby-1.9.2-p290/lib/ruby/1.9.1/webrick/server.rb:183:in `block in start_thread'


  Rendered /home/asisht/.rvm/gems/ruby-1.9.2-p290/gems/actionpack-3.2.12/lib/action_dispatch/middleware/templates/rescues/_trace.erb (0.9ms)
  Rendered /home/asisht/.rvm/gems/ruby-1.9.2-p290/gems/actionpack-3.2.12/lib/action_dispatch/middleware/templates/rescues/_request_and_response.erb (0.7ms)
  Rendered /home/asisht/.rvm/gems/ruby-1.9.2-p290/gems/actionpack-3.2.12/lib/action_dispatch/middleware/templates/rescues/diagnostics.erb within rescues/layout (6.9ms)


Started GET "/rails/info/properties" for 127.0.0.1 at 2013-03-21 18:45:16 +0530

ActiveRecord::ConnectionNotEstablished (ActiveRecord::ConnectionNotEstablished):
  activerecord (3.2.12) lib/active_record/connection_adapters/abstract/connection_pool.rb:410:in `retrieve_connection'
  activerecord (3.2.12) lib/active_record/connection_adapters/abstract/connection_specification.rb:171:in `retrieve_connection'
  activerecord (3.2.12) lib/active_record/connection_adapters/abstract/connection_specification.rb:145:in `connection'
  activerecord (3.2.12) lib/active_record/query_cache.rb:67:in `rescue in call'
  activerecord (3.2.12) lib/active_record/query_cache.rb:61:in `call'
  activerecord (3.2.12) lib/active_record/connection_adapters/abstract/connection_pool.rb:479:in `call'
  actionpack (3.2.12) lib/action_dispatch/middleware/callbacks.rb:28:in `block in call'
  activesupport (3.2.12) lib/active_support/callbacks.rb:405:in `_run__448993217__call__1073182964__callbacks'
  activesupport (3.2.12) lib/active_support/callbacks.rb:405:in `__run_callback'
  activesupport (3.2.12) lib/active_support/callbacks.rb:385:in `_run_call_callbacks'
  activesupport (3.2.12) lib/active_support/callbacks.rb:81:in `run_callbacks'
  actionpack (3.2.12) lib/action_dispatch/middleware/callbacks.rb:27:in `call'
  actionpack (3.2.12) lib/action_dispatch/middleware/reloader.rb:65:in `call'
  actionpack (3.2.12) lib/action_dispatch/middleware/remote_ip.rb:31:in `call'
  actionpack (3.2.12) lib/action_dispatch/middleware/debug_exceptions.rb:16:in `call'
  actionpack (3.2.12) lib/action_dispatch/middleware/show_exceptions.rb:56:in `call'
  railties (3.2.12) lib/rails/rack/logger.rb:32:in `call_app'
  railties (3.2.12) lib/rails/rack/logger.rb:16:in `block in call'
  activesupport (3.2.12) lib/active_support/tagged_logging.rb:22:in `tagged'
  railties (3.2.12) lib/rails/rack/logger.rb:16:in `call'
  actionpack (3.2.12) lib/action_dispatch/middleware/request_id.rb:22:in `call'
  rack (1.4.5) lib/rack/methodoverride.rb:21:in `call'
  rack (1.4.5) lib/rack/runtime.rb:17:in `call'
  activesupport (3.2.12) lib/active_support/cache/strategy/local_cache.rb:72:in `call'
  rack (1.4.5) lib/rack/lock.rb:15:in `call'
  actionpack (3.2.12) lib/action_dispatch/middleware/static.rb:62:in `call'
  railties (3.2.12) lib/rails/engine.rb:479:in `call'
  railties (3.2.12) lib/rails/application.rb:223:in `call'
  rack (1.4.5) lib/rack/content_length.rb:14:in `call'
  railties (3.2.12) lib/rails/rack/log_tailer.rb:17:in `call'
  rack (1.4.5) lib/rack/handler/webrick.rb:59:in `service'
  /home/asisht/.rvm/rubies/ruby-1.9.2-p290/lib/ruby/1.9.1/webrick/httpserver.rb:111:in `service'
  /home/asisht/.rvm/rubies/ruby-1.9.2-p290/lib/ruby/1.9.1/webrick/httpserver.rb:70:in `run'
  /home/asisht/.rvm/rubies/ruby-1.9.2-p290/lib/ruby/1.9.1/webrick/server.rb:183:in `block in start_thread'


  Rendered /home/asisht/.rvm/gems/ruby-1.9.2-p290/gems/actionpack-3.2.12/lib/action_dispatch/middleware/templates/rescues/_trace.erb (0.9ms)
  Rendered /home/asisht/.rvm/gems/ruby-1.9.2-p290/gems/actionpack-3.2.12/lib/action_dispatch/middleware/templates/rescues/_request_and_response.erb (0.8ms)
  Rendered /home/asisht/.rvm/gems/ruby-1.9.2-p290/gems/actionpack-3.2.12/lib/action_dispatch/middleware/templates/rescues/diagnostics.erb within rescues/layout (6.9ms)


Started GET "/say/hello" for 127.0.0.1 at 2013-03-21 18:47:05 +0530
Connecting to database specified by database.yml

ActiveRecord::ConnectionNotEstablished (ActiveRecord::ConnectionNotEstablished):
  activerecord (3.2.12) lib/active_record/connection_adapters/abstract/connection_pool.rb:410:in `retrieve_connection'
  activerecord (3.2.12) lib/active_record/connection_adapters/abstract/connection_specification.rb:171:in `retrieve_connection'
  activerecord (3.2.12) lib/active_record/connection_adapters/abstract/connection_specification.rb:145:in `connection'
  activerecord (3.2.12) lib/active_record/query_cache.rb:67:in `rescue in call'
  activerecord (3.2.12) lib/active_record/query_cache.rb:61:in `call'
  activerecord (3.2.12) lib/active_record/connection_adapters/abstract/connection_pool.rb:479:in `call'
  actionpack (3.2.12) lib/action_dispatch/middleware/callbacks.rb:28:in `block in call'
  activesupport (3.2.12) lib/active_support/callbacks.rb:405:in `_run__577562809__call__973489316__callbacks'
  activesupport (3.2.12) lib/active_support/callbacks.rb:405:in `__run_callback'
  activesupport (3.2.12) lib/active_support/callbacks.rb:385:in `_run_call_callbacks'
  activesupport (3.2.12) lib/active_support/callbacks.rb:81:in `run_callbacks'
  actionpack (3.2.12) lib/action_dispatch/middleware/callbacks.rb:27:in `call'
  actionpack (3.2.12) lib/action_dispatch/middleware/reloader.rb:65:in `call'
  actionpack (3.2.12) lib/action_dispatch/middleware/remote_ip.rb:31:in `call'
  actionpack (3.2.12) lib/action_dispatch/middleware/debug_exceptions.rb:16:in `call'
  actionpack (3.2.12) lib/action_dispatch/middleware/show_exceptions.rb:56:in `call'
  railties (3.2.12) lib/rails/rack/logger.rb:32:in `call_app'
  railties (3.2.12) lib/rails/rack/logger.rb:16:in `block in call'
  activesupport (3.2.12) lib/active_support/tagged_logging.rb:22:in `tagged'
  railties (3.2.12) lib/rails/rack/logger.rb:16:in `call'
  actionpack (3.2.12) lib/action_dispatch/middleware/request_id.rb:22:in `call'
  rack (1.4.5) lib/rack/methodoverride.rb:21:in `call'
  rack (1.4.5) lib/rack/runtime.rb:17:in `call'
  activesupport (3.2.12) lib/active_support/cache/strategy/local_cache.rb:72:in `call'
  rack (1.4.5) lib/rack/lock.rb:15:in `call'
  actionpack (3.2.12) lib/action_dispatch/middleware/static.rb:62:in `call'
  railties (3.2.12) lib/rails/engine.rb:479:in `call'
  railties (3.2.12) lib/rails/application.rb:223:in `call'
  rack (1.4.5) lib/rack/content_length.rb:14:in `call'
  railties (3.2.12) lib/rails/rack/log_tailer.rb:17:in `call'
  rack (1.4.5) lib/rack/handler/webrick.rb:59:in `service'
  /home/asisht/.rvm/rubies/ruby-1.9.2-p290/lib/ruby/1.9.1/webrick/httpserver.rb:111:in `service'
  /home/asisht/.rvm/rubies/ruby-1.9.2-p290/lib/ruby/1.9.1/webrick/httpserver.rb:70:in `run'
  /home/asisht/.rvm/rubies/ruby-1.9.2-p290/lib/ruby/1.9.1/webrick/server.rb:183:in `block in start_thread'


  Rendered /home/asisht/.rvm/gems/ruby-1.9.2-p290/gems/actionpack-3.2.12/lib/action_dispatch/middleware/templates/rescues/_trace.erb (1.1ms)
  Rendered /home/asisht/.rvm/gems/ruby-1.9.2-p290/gems/actionpack-3.2.12/lib/action_dispatch/middleware/templates/rescues/_request_and_response.erb (7.3ms)
  Rendered /home/asisht/.rvm/gems/ruby-1.9.2-p290/gems/actionpack-3.2.12/lib/action_dispatch/middleware/templates/rescues/diagnostics.erb within rescues/layout (26.9ms)


Started GET "/say" for 127.0.0.1 at 2013-03-21 18:49:56 +0530

ActiveRecord::ConnectionNotEstablished (ActiveRecord::ConnectionNotEstablished):
  activerecord (3.2.12) lib/active_record/connection_adapters/abstract/connection_pool.rb:410:in `retrieve_connection'
  activerecord (3.2.12) lib/active_record/connection_adapters/abstract/connection_specification.rb:171:in `retrieve_connection'
  activerecord (3.2.12) lib/active_record/connection_adapters/abstract/connection_specification.rb:145:in `connection'
  activerecord (3.2.12) lib/active_record/query_cache.rb:67:in `rescue in call'
  activerecord (3.2.12) lib/active_record/query_cache.rb:61:in `call'
  activerecord (3.2.12) lib/active_record/connection_adapters/abstract/connection_pool.rb:479:in `call'
  actionpack (3.2.12) lib/action_dispatch/middleware/callbacks.rb:28:in `block in call'
  activesupport (3.2.12) lib/active_support/callbacks.rb:405:in `_run__577562809__call__973489316__callbacks'
  activesupport (3.2.12) lib/active_support/callbacks.rb:405:in `__run_callback'
  activesupport (3.2.12) lib/active_support/callbacks.rb:385:in `_run_call_callbacks'
  activesupport (3.2.12) lib/active_support/callbacks.rb:81:in `run_callbacks'
  actionpack (3.2.12) lib/action_dispatch/middleware/callbacks.rb:27:in `call'
  actionpack (3.2.12) lib/action_dispatch/middleware/reloader.rb:65:in `call'
  actionpack (3.2.12) lib/action_dispatch/middleware/remote_ip.rb:31:in `call'
  actionpack (3.2.12) lib/action_dispatch/middleware/debug_exceptions.rb:16:in `call'
  actionpack (3.2.12) lib/action_dispatch/middleware/show_exceptions.rb:56:in `call'
  railties (3.2.12) lib/rails/rack/logger.rb:32:in `call_app'
  railties (3.2.12) lib/rails/rack/logger.rb:16:in `block in call'
  activesupport (3.2.12) lib/active_support/tagged_logging.rb:22:in `tagged'
  railties (3.2.12) lib/rails/rack/logger.rb:16:in `call'
  actionpack (3.2.12) lib/action_dispatch/middleware/request_id.rb:22:in `call'
  rack (1.4.5) lib/rack/methodoverride.rb:21:in `call'
  rack (1.4.5) lib/rack/runtime.rb:17:in `call'
  activesupport (3.2.12) lib/active_support/cache/strategy/local_cache.rb:72:in `call'
  rack (1.4.5) lib/rack/lock.rb:15:in `call'
  actionpack (3.2.12) lib/action_dispatch/middleware/static.rb:62:in `call'
  railties (3.2.12) lib/rails/engine.rb:479:in `call'
  railties (3.2.12) lib/rails/application.rb:223:in `call'
  rack (1.4.5) lib/rack/content_length.rb:14:in `call'
  railties (3.2.12) lib/rails/rack/log_tailer.rb:17:in `call'
  rack (1.4.5) lib/rack/handler/webrick.rb:59:in `service'
  /home/asisht/.rvm/rubies/ruby-1.9.2-p290/lib/ruby/1.9.1/webrick/httpserver.rb:111:in `service'
  /home/asisht/.rvm/rubies/ruby-1.9.2-p290/lib/ruby/1.9.1/webrick/httpserver.rb:70:in `run'
  /home/asisht/.rvm/rubies/ruby-1.9.2-p290/lib/ruby/1.9.1/webrick/server.rb:183:in `block in start_thread'


  Rendered /home/asisht/.rvm/gems/ruby-1.9.2-p290/gems/actionpack-3.2.12/lib/action_dispatch/middleware/templates/rescues/_trace.erb (0.9ms)
  Rendered /home/asisht/.rvm/gems/ruby-1.9.2-p290/gems/actionpack-3.2.12/lib/action_dispatch/middleware/templates/rescues/_request_and_response.erb (0.7ms)
  Rendered /home/asisht/.rvm/gems/ruby-1.9.2-p290/gems/actionpack-3.2.12/lib/action_dispatch/middleware/templates/rescues/diagnostics.erb within rescues/layout (6.8ms)


Started GET "/say" for 127.0.0.1 at 2013-03-21 18:58:50 +0530
Connecting to database specified by database.yml

ActiveRecord::ConnectionNotEstablished (ActiveRecord::ConnectionNotEstablished):
  activerecord (3.2.12) lib/active_record/connection_adapters/abstract/connection_pool.rb:410:in `retrieve_connection'
  activerecord (3.2.12) lib/active_record/connection_adapters/abstract/connection_specification.rb:171:in `retrieve_connection'
  activerecord (3.2.12) lib/active_record/connection_adapters/abstract/connection_specification.rb:145:in `connection'
  activerecord (3.2.12) lib/active_record/query_cache.rb:67:in `rescue in call'
  activerecord (3.2.12) lib/active_record/query_cache.rb:61:in `call'
  activerecord (3.2.12) lib/active_record/connection_adapters/abstract/connection_pool.rb:479:in `call'
  actionpack (3.2.12) lib/action_dispatch/middleware/callbacks.rb:28:in `block in call'
  activesupport (3.2.12) lib/active_support/callbacks.rb:405:in `_run__568768395__call__209328485__callbacks'
  activesupport (3.2.12) lib/active_support/callbacks.rb:405:in `__run_callback'
  activesupport (3.2.12) lib/active_support/callbacks.rb:385:in `_run_call_callbacks'
  activesupport (3.2.12) lib/active_support/callbacks.rb:81:in `run_callbacks'
  actionpack (3.2.12) lib/action_dispatch/middleware/callbacks.rb:27:in `call'
  actionpack (3.2.12) lib/action_dispatch/middleware/reloader.rb:65:in `call'
  actionpack (3.2.12) lib/action_dispatch/middleware/remote_ip.rb:31:in `call'
  actionpack (3.2.12) lib/action_dispatch/middleware/debug_exceptions.rb:16:in `call'
  actionpack (3.2.12) lib/action_dispatch/middleware/show_exceptions.rb:56:in `call'
  railties (3.2.12) lib/rails/rack/logger.rb:32:in `call_app'
  railties (3.2.12) lib/rails/rack/logger.rb:16:in `block in call'
  activesupport (3.2.12) lib/active_support/tagged_logging.rb:22:in `tagged'
  railties (3.2.12) lib/rails/rack/logger.rb:16:in `call'
  actionpack (3.2.12) lib/action_dispatch/middleware/request_id.rb:22:in `call'
  rack (1.4.5) lib/rack/methodoverride.rb:21:in `call'
  rack (1.4.5) lib/rack/runtime.rb:17:in `call'
  activesupport (3.2.12) lib/active_support/cache/strategy/local_cache.rb:72:in `call'
  rack (1.4.5) lib/rack/lock.rb:15:in `call'
  actionpack (3.2.12) lib/action_dispatch/middleware/static.rb:62:in `call'
  railties (3.2.12) lib/rails/engine.rb:479:in `call'
  railties (3.2.12) lib/rails/application.rb:223:in `call'
  rack (1.4.5) lib/rack/content_length.rb:14:in `call'
  railties (3.2.12) lib/rails/rack/log_tailer.rb:17:in `call'
  rack (1.4.5) lib/rack/handler/webrick.rb:59:in `service'
  /home/asisht/.rvm/rubies/ruby-1.9.2-p290/lib/ruby/1.9.1/webrick/httpserver.rb:111:in `service'
  /home/asisht/.rvm/rubies/ruby-1.9.2-p290/lib/ruby/1.9.1/webrick/httpserver.rb:70:in `run'
  /home/asisht/.rvm/rubies/ruby-1.9.2-p290/lib/ruby/1.9.1/webrick/server.rb:183:in `block in start_thread'


  Rendered /home/asisht/.rvm/gems/ruby-1.9.2-p290/gems/actionpack-3.2.12/lib/action_dispatch/middleware/templates/rescues/_trace.erb (1.0ms)
  Rendered /home/asisht/.rvm/gems/ruby-1.9.2-p290/gems/actionpack-3.2.12/lib/action_dispatch/middleware/templates/rescues/_request_and_response.erb (8.3ms)
  Rendered /home/asisht/.rvm/gems/ruby-1.9.2-p290/gems/actionpack-3.2.12/lib/action_dispatch/middleware/templates/rescues/diagnostics.erb within rescues/layout (27.4ms)


Started GET "/say/hello" for 127.0.0.1 at 2013-03-21 19:00:10 +0530
Connecting to database specified by database.yml

Mysql2::Error (Unknown database 'rails_dummy'):
  mysql2 (0.2.13) lib/mysql2/client.rb:43:in `connect'
  mysql2 (0.2.13) lib/mysql2/client.rb:43:in `initialize'
  mysql2 (0.2.13) lib/active_record/connection_adapters/mysql2_adapter.rb:14:in `new'
  mysql2 (0.2.13) lib/active_record/connection_adapters/mysql2_adapter.rb:14:in `mysql2_connection'
  activerecord (3.2.12) lib/active_record/connection_adapters/abstract/connection_pool.rb:315:in `new_connection'
  activerecord (3.2.12) lib/active_record/connection_adapters/abstract/connection_pool.rb:325:in `checkout_new_connection'
  activerecord (3.2.12) lib/active_record/connection_adapters/abstract/connection_pool.rb:247:in `block (2 levels) in checkout'
  activerecord (3.2.12) lib/active_record/connection_adapters/abstract/connection_pool.rb:242:in `loop'
  activerecord (3.2.12) lib/active_record/connection_adapters/abstract/connection_pool.rb:242:in `block in checkout'
  /home/asisht/.rvm/rubies/ruby-1.9.2-p290/lib/ruby/1.9.1/monitor.rb:201:in `mon_synchronize'
  activerecord (3.2.12) lib/active_record/connection_adapters/abstract/connection_pool.rb:239:in `checkout'
  activerecord (3.2.12) lib/active_record/connection_adapters/abstract/connection_pool.rb:102:in `block in connection'
  /home/asisht/.rvm/rubies/ruby-1.9.2-p290/lib/ruby/1.9.1/monitor.rb:201:in `mon_synchronize'
  activerecord (3.2.12) lib/active_record/connection_adapters/abstract/connection_pool.rb:101:in `connection'
  activerecord (3.2.12) lib/active_record/connection_adapters/abstract/connection_pool.rb:410:in `retrieve_connection'
  activerecord (3.2.12) lib/active_record/connection_adapters/abstract/connection_specification.rb:171:in `retrieve_connection'
  activerecord (3.2.12) lib/active_record/connection_adapters/abstract/connection_specification.rb:145:in `connection'
  activerecord (3.2.12) lib/active_record/query_cache.rb:67:in `rescue in call'
  activerecord (3.2.12) lib/active_record/query_cache.rb:61:in `call'
  activerecord (3.2.12) lib/active_record/connection_adapters/abstract/connection_pool.rb:479:in `call'
  actionpack (3.2.12) lib/action_dispatch/middleware/callbacks.rb:28:in `block in call'
  activesupport (3.2.12) lib/active_support/callbacks.rb:405:in `_run__56906649__call__71942978__callbacks'
  activesupport (3.2.12) lib/active_support/callbacks.rb:405:in `__run_callback'
  activesupport (3.2.12) lib/active_support/callbacks.rb:385:in `_run_call_callbacks'
  activesupport (3.2.12) lib/active_support/callbacks.rb:81:in `run_callbacks'
  actionpack (3.2.12) lib/action_dispatch/middleware/callbacks.rb:27:in `call'
  actionpack (3.2.12) lib/action_dispatch/middleware/reloader.rb:65:in `call'
  actionpack (3.2.12) lib/action_dispatch/middleware/remote_ip.rb:31:in `call'
  actionpack (3.2.12) lib/action_dispatch/middleware/debug_exceptions.rb:16:in `call'
  actionpack (3.2.12) lib/action_dispatch/middleware/show_exceptions.rb:56:in `call'
  railties (3.2.12) lib/rails/rack/logger.rb:32:in `call_app'
  railties (3.2.12) lib/rails/rack/logger.rb:16:in `block in call'
  activesupport (3.2.12) lib/active_support/tagged_logging.rb:22:in `tagged'
  railties (3.2.12) lib/rails/rack/logger.rb:16:in `call'
  actionpack (3.2.12) lib/action_dispatch/middleware/request_id.rb:22:in `call'
  rack (1.4.5) lib/rack/methodoverride.rb:21:in `call'
  rack (1.4.5) lib/rack/runtime.rb:17:in `call'
  activesupport (3.2.12) lib/active_support/cache/strategy/local_cache.rb:72:in `call'
  rack (1.4.5) lib/rack/lock.rb:15:in `call'
  actionpack (3.2.12) lib/action_dispatch/middleware/static.rb:62:in `call'
  railties (3.2.12) lib/rails/engine.rb:479:in `call'
  railties (3.2.12) lib/rails/application.rb:223:in `call'
  rack (1.4.5) lib/rack/content_length.rb:14:in `call'
  railties (3.2.12) lib/rails/rack/log_tailer.rb:17:in `call'
  rack (1.4.5) lib/rack/handler/webrick.rb:59:in `service'
  /home/asisht/.rvm/rubies/ruby-1.9.2-p290/lib/ruby/1.9.1/webrick/httpserver.rb:111:in `service'
  /home/asisht/.rvm/rubies/ruby-1.9.2-p290/lib/ruby/1.9.1/webrick/httpserver.rb:70:in `run'
  /home/asisht/.rvm/rubies/ruby-1.9.2-p290/lib/ruby/1.9.1/webrick/server.rb:183:in `block in start_thread'


  Rendered /home/asisht/.rvm/gems/ruby-1.9.2-p290/gems/actionpack-3.2.12/lib/action_dispatch/middleware/templates/rescues/_trace.erb (1.0ms)
  Rendered /home/asisht/.rvm/gems/ruby-1.9.2-p290/gems/actionpack-3.2.12/lib/action_dispatch/middleware/templates/rescues/_request_and_response.erb (7.4ms)
  Rendered /home/asisht/.rvm/gems/ruby-1.9.2-p290/gems/actionpack-3.2.12/lib/action_dispatch/middleware/templates/rescues/diagnostics.erb within rescues/layout (26.4ms)


Started GET "/say/hello" for 127.0.0.1 at 2013-03-21 19:01:10 +0530
Processing by SayController#hello as HTML
  Rendered say/hello.html.erb within layouts/application (0.2ms)
Compiled say.css  (56ms)  (pid 10786)
Compiled application.css  (75ms)  (pid 10786)
Compiled jquery.js  (2ms)  (pid 10786)
Compiled jquery_ujs.js  (0ms)  (pid 10786)
Compiled say.js  (78ms)  (pid 10786)
Compiled application.js  (120ms)  (pid 10786)
Completed 200 OK in 250ms (Views: 249.9ms | ActiveRecord: 0.0ms)


Started GET "/assets/application.css?body=1" for 127.0.0.1 at 2013-03-21 19:01:11 +0530
Served asset /application.css - 200 OK (11ms)


Started GET "/assets/say.js?body=1" for 127.0.0.1 at 2013-03-21 19:01:11 +0530
Served asset /say.js - 200 OK (2ms)


Started GET "/assets/say.css?body=1" for 127.0.0.1 at 2013-03-21 19:01:11 +0530
Served asset /say.css - 200 OK (2ms)


Started GET "/assets/jquery_ujs.js?body=1" for 127.0.0.1 at 2013-03-21 19:01:11 +0530
Served asset /jquery_ujs.js - 200 OK (3ms)


Started GET "/assets/application.js?body=1" for 127.0.0.1 at 2013-03-21 19:01:11 +0530
Served asset /application.js - 200 OK (5ms)


Started GET "/assets/jquery.js?body=1" for 127.0.0.1 at 2013-03-21 19:01:11 +0530
Served asset /jquery.js - 200 OK (3ms)


Started GET "/say/hello" for 127.0.0.1 at 2013-03-21 19:08:21 +0530
Processing by SayController#hello as HTML
  Rendered say/hello.html.erb within layouts/application (0.0ms)
Completed 200 OK in 4ms (Views: 4.0ms | ActiveRecord: 0.0ms)


Started GET "/assets/application.css?body=1" for 127.0.0.1 at 2013-03-21 19:08:21 +0530
Served asset /application.css - 304 Not Modified (3ms)


Started GET "/assets/jquery_ujs.js?body=1" for 127.0.0.1 at 2013-03-21 19:08:21 +0530
Served asset /jquery_ujs.js - 304 Not Modified (0ms)


Started GET "/assets/say.css?body=1" for 127.0.0.1 at 2013-03-21 19:08:21 +0530
Served asset /say.css - 304 Not Modified (0ms)


Started GET "/assets/application.js?body=1" for 127.0.0.1 at 2013-03-21 19:08:21 +0530
Served asset /application.js - 304 Not Modified (3ms)


Started GET "/assets/say.js?body=1" for 127.0.0.1 at 2013-03-21 19:08:21 +0530
Served asset /say.js - 304 Not Modified (0ms)


Started GET "/assets/jquery.js?body=1" for 127.0.0.1 at 2013-03-21 19:08:21 +0530
Served asset /jquery.js - 304 Not Modified (0ms)


Started GET "/say/hello" for 127.0.0.1 at 2013-03-21 19:08:43 +0530
Processing by SayController#hello as HTML
  Rendered say/hello.html.erb within layouts/application (0.0ms)
Completed 200 OK in 5ms (Views: 4.5ms | ActiveRecord: 0.0ms)


Started GET "/assets/application.css?body=1" for 127.0.0.1 at 2013-03-21 19:08:43 +0530
Served asset /application.css - 304 Not Modified (1ms)


Started GET "/assets/say.css?body=1" for 127.0.0.1 at 2013-03-21 19:08:43 +0530
Served asset /say.css - 304 Not Modified (0ms)


Started GET "/assets/jquery.js?body=1" for 127.0.0.1 at 2013-03-21 19:08:43 +0530
Served asset /jquery.js - 304 Not Modified (0ms)


Started GET "/assets/jquery_ujs.js?body=1" for 127.0.0.1 at 2013-03-21 19:08:43 +0530
Served asset /jquery_ujs.js - 304 Not Modified (0ms)


Started GET "/assets/say.js?body=1" for 127.0.0.1 at 2013-03-21 19:08:43 +0530
Served asset /say.js - 304 Not Modified (0ms)


Started GET "/assets/application.js?body=1" for 127.0.0.1 at 2013-03-21 19:08:43 +0530
Served asset /application.js - 304 Not Modified (1ms)


Started GET "/say/hello" for 127.0.0.1 at 2013-03-21 19:09:17 +0530
Processing by SayController#hello as HTML
  Rendered say/hello.html.erb within layouts/application (74.9ms)
Completed 500 Internal Server Error in 78ms

ActionView::Template::Error (undefined local variable or method `time2' for #<#<Class:0xb5b43ec>:0xbe1273c>):
    1: <h1>Say#hello</h1>
    2: <p>Find me in app/views/say/hello.html.erb</p>
    3: <h2>Time now : <%=  @time %></h2>
    4: <h2>Again : <%=  time2 %> </h2>
  app/views/say/hello.html.erb:4:in `_app_views_say_hello_html_erb___935979266_99651380'


  Rendered /home/asisht/.rvm/gems/ruby-1.9.2-p290/gems/actionpack-3.2.12/lib/action_dispatch/middleware/templates/rescues/_trace.erb (1.1ms)
  Rendered /home/asisht/.rvm/gems/ruby-1.9.2-p290/gems/actionpack-3.2.12/lib/action_dispatch/middleware/templates/rescues/_request_and_response.erb (0.8ms)
  Rendered /home/asisht/.rvm/gems/ruby-1.9.2-p290/gems/actionpack-3.2.12/lib/action_dispatch/middleware/templates/rescues/template_error.erb within rescues/layout (8.7ms)


Started GET "/say/hello" for 127.0.0.1 at 2013-03-21 19:09:30 +0530
Processing by SayController#hello as HTML
  Rendered say/hello.html.erb within layouts/application (0.4ms)
Completed 200 OK in 5ms (Views: 4.5ms | ActiveRecord: 0.0ms)


Started GET "/assets/application.css?body=1" for 127.0.0.1 at 2013-03-21 19:09:31 +0530
Served asset /application.css - 304 Not Modified (0ms)


Started GET "/assets/jquery.js?body=1" for 127.0.0.1 at 2013-03-21 19:09:31 +0530
Served asset /jquery.js - 304 Not Modified (7ms)


Started GET "/assets/jquery_ujs.js?body=1" for 127.0.0.1 at 2013-03-21 19:09:31 +0530
Served asset /jquery_ujs.js - 304 Not Modified (0ms)


Started GET "/assets/say.css?body=1" for 127.0.0.1 at 2013-03-21 19:09:31 +0530
Served asset /say.css - 304 Not Modified (0ms)


Started GET "/assets/say.js?body=1" for 127.0.0.1 at 2013-03-21 19:09:31 +0530
Served asset /say.js - 304 Not Modified (0ms)


Started GET "/assets/application.js?body=1" for 127.0.0.1 at 2013-03-21 19:09:31 +0530
Served asset /application.js - 304 Not Modified (2ms)


Started GET "/say/hello" for 127.0.0.1 at 2013-03-21 19:16:00 +0530
Processing by SayController#hello as HTML
  Rendered say/hello.html.erb within layouts/application (0.7ms)
Completed 200 OK in 4ms (Views: 4.2ms | ActiveRecord: 0.0ms)


Started GET "/assets/application.css?body=1" for 127.0.0.1 at 2013-03-21 19:16:00 +0530
Served asset /application.css - 304 Not Modified (1ms)


Started GET "/assets/jquery.js?body=1" for 127.0.0.1 at 2013-03-21 19:16:00 +0530
Served asset /jquery.js - 304 Not Modified (2ms)


Started GET "/assets/say.css?body=1" for 127.0.0.1 at 2013-03-21 19:16:00 +0530
Served asset /say.css - 304 Not Modified (0ms)


Started GET "/assets/jquery_ujs.js?body=1" for 127.0.0.1 at 2013-03-21 19:16:00 +0530
Served asset /jquery_ujs.js - 304 Not Modified (0ms)


Started GET "/assets/say.js?body=1" for 127.0.0.1 at 2013-03-21 19:16:00 +0530
Served asset /say.js - 304 Not Modified (0ms)


Started GET "/assets/application.js?body=1" for 127.0.0.1 at 2013-03-21 19:16:00 +0530
Served asset /application.js - 304 Not Modified (1ms)


Started GET "/say/goodbye" for 127.0.0.1 at 2013-03-21 19:16:03 +0530
Processing by SayController#goodbye as HTML
  Rendered say/goodbye.html.erb within layouts/application (0.4ms)
Completed 200 OK in 6ms (Views: 6.0ms | ActiveRecord: 0.0ms)


Started GET "/assets/application.css?body=1" for 127.0.0.1 at 2013-03-21 19:16:03 +0530
Served asset /application.css - 304 Not Modified (10ms)


Started GET "/assets/say.css?body=1" for 127.0.0.1 at 2013-03-21 19:16:03 +0530
Served asset /say.css - 304 Not Modified (0ms)


Started GET "/assets/jquery.js?body=1" for 127.0.0.1 at 2013-03-21 19:16:03 +0530
Served asset /jquery.js - 304 Not Modified (0ms)


Started GET "/assets/jquery_ujs.js?body=1" for 127.0.0.1 at 2013-03-21 19:16:03 +0530
Served asset /jquery_ujs.js - 304 Not Modified (0ms)


Started GET "/assets/application.js?body=1" for 127.0.0.1 at 2013-03-21 19:16:03 +0530
Served asset /application.js - 304 Not Modified (1ms)


Started GET "/assets/say.js?body=1" for 127.0.0.1 at 2013-03-21 19:16:03 +0530
Served asset /say.js - 304 Not Modified (0ms)


Started GET "/say/goodbye" for 127.0.0.1 at 2013-03-21 19:16:08 +0530
Processing by SayController#goodbye as HTML
  Rendered say/goodbye.html.erb within layouts/application (0.1ms)
Completed 200 OK in 9ms (Views: 8.5ms | ActiveRecord: 0.0ms)


Started GET "/assets/application.css?body=1" for 127.0.0.1 at 2013-03-21 19:16:08 +0530
Served asset /application.css - 304 Not Modified (5ms)


Started GET "/assets/say.js?body=1" for 127.0.0.1 at 2013-03-21 19:16:08 +0530
Served asset /say.js - 304 Not Modified (0ms)


Started GET "/assets/say.css?body=1" for 127.0.0.1 at 2013-03-21 19:16:08 +0530
Served asset /say.css - 304 Not Modified (0ms)


Started GET "/assets/jquery.js?body=1" for 127.0.0.1 at 2013-03-21 19:16:08 +0530
Served asset /jquery.js - 304 Not Modified (0ms)


Started GET "/assets/jquery_ujs.js?body=1" for 127.0.0.1 at 2013-03-21 19:16:08 +0530
Served asset /jquery_ujs.js - 304 Not Modified (0ms)


Started GET "/assets/application.js?body=1" for 127.0.0.1 at 2013-03-21 19:16:08 +0530
Served asset /application.js - 304 Not Modified (1ms)


Started GET "/say/goodbye" for 127.0.0.1 at 2013-03-21 19:39:46 +0530
Processing by SayController#goodbye as HTML
Redirected to 
Completed 404 Not Found in 1ms

ActionController::RoutingError (No route matches {:action=>"edit", :id=>1, :controller=>"say"}):
  app/controllers/say_controller.rb:8:in `goodbye'


  Rendered /home/asisht/.rvm/gems/ruby-1.9.2-p290/gems/actionpack-3.2.12/lib/action_dispatch/middleware/templates/rescues/routing_error.erb within rescues/layout (0.5ms)


Started GET "/say/goodbye" for 127.0.0.1 at 2013-03-21 19:39:53 +0530
Processing by SayController#goodbye as HTML
Redirected to 
Completed 404 Not Found in 1ms

ActionController::RoutingError (No route matches {:action=>"edit", :id=>1, :controller=>"say"}):
  app/controllers/say_controller.rb:8:in `goodbye'


  Rendered /home/asisht/.rvm/gems/ruby-1.9.2-p290/gems/actionpack-3.2.12/lib/action_dispatch/middleware/templates/rescues/routing_error.erb within rescues/layout (0.5ms)


Started GET "/say/goodbye" for 127.0.0.1 at 2013-03-21 19:40:06 +0530
Processing by SayController#goodbye as HTML
Redirected to http://localhost:3000/say/hello?id=1
Completed 302 Found in 1ms (ActiveRecord: 0.0ms)


Started GET "/say/hello?id=1" for 127.0.0.1 at 2013-03-21 19:40:06 +0530
Processing by SayController#hello as HTML
  Parameters: {"id"=>"1"}
  Rendered say/hello.html.erb within layouts/application (0.4ms)
Completed 200 OK in 5ms (Views: 5.2ms | ActiveRecord: 0.0ms)


Started GET "/assets/application.css?body=1" for 127.0.0.1 at 2013-03-21 19:40:06 +0530
Served asset /application.css - 304 Not Modified (5ms)


Started GET "/assets/jquery.js?body=1" for 127.0.0.1 at 2013-03-21 19:40:06 +0530
Served asset /jquery.js - 304 Not Modified (0ms)


Started GET "/assets/say.css?body=1" for 127.0.0.1 at 2013-03-21 19:40:06 +0530
Served asset /say.css - 304 Not Modified (0ms)


Started GET "/assets/say.js?body=1" for 127.0.0.1 at 2013-03-21 19:40:06 +0530
Served asset /say.js - 304 Not Modified (0ms)


Started GET "/assets/jquery_ujs.js?body=1" for 127.0.0.1 at 2013-03-21 19:40:06 +0530
Served asset /jquery_ujs.js - 304 Not Modified (0ms)


Started GET "/assets/application.js?body=1" for 127.0.0.1 at 2013-03-21 19:40:06 +0530
Served asset /application.js - 304 Not Modified (1ms)


Started GET "/say/hello?id=1" for 127.0.0.1 at 2013-03-21 19:44:05 +0530
Processing by SayController#hello as HTML
  Parameters: {"id"=>"1"}
  Rendered say/hello.html.erb within layouts/application (0.3ms)
Completed 200 OK in 4ms (Views: 4.1ms | ActiveRecord: 0.0ms)


Started GET "/assets/application.css?body=1" for 127.0.0.1 at 2013-03-21 19:44:05 +0530
Served asset /application.css - 304 Not Modified (2ms)


Started GET "/assets/say.css?body=1" for 127.0.0.1 at 2013-03-21 19:44:05 +0530
Served asset /say.css - 304 Not Modified (0ms)


Started GET "/assets/jquery.js?body=1" for 127.0.0.1 at 2013-03-21 19:44:05 +0530
Served asset /jquery.js - 304 Not Modified (0ms)


Started GET "/assets/jquery_ujs.js?body=1" for 127.0.0.1 at 2013-03-21 19:44:05 +0530
Served asset /jquery_ujs.js - 304 Not Modified (0ms)


Started GET "/assets/application.js?body=1" for 127.0.0.1 at 2013-03-21 19:44:05 +0530
Served asset /application.js - 304 Not Modified (1ms)


Started GET "/assets/say.js?body=1" for 127.0.0.1 at 2013-03-21 19:44:05 +0530
Served asset /say.js - 304 Not Modified (0ms)


Started GET "/say/goodbye" for 127.0.0.1 at 2013-03-21 19:46:04 +0530
Processing by SayController#goodbye as HTML
Redirected to 
Completed 404 Not Found in 1ms

ActionController::RoutingError (No route matches {:action=>"/say/hello", :id=>1, :controller=>"say"}):
  app/controllers/say_controller.rb:8:in `goodbye'


  Rendered /home/asisht/.rvm/gems/ruby-1.9.2-p290/gems/actionpack-3.2.12/lib/action_dispatch/middleware/templates/rescues/routing_error.erb within rescues/layout (0.5ms)


Started GET "/say/goodbye" for 127.0.0.1 at 2013-03-21 19:46:35 +0530
Processing by SayController#goodbye as HTML
Redirected to http://localhost:3000/say/hello
Completed 302 Found in 1ms (ActiveRecord: 0.0ms)


Started GET "/say/hello" for 127.0.0.1 at 2013-03-21 19:46:35 +0530
Processing by SayController#hello as HTML
  Rendered say/hello.html.erb within layouts/application (0.3ms)
Completed 200 OK in 5ms (Views: 4.6ms | ActiveRecord: 0.0ms)


Started GET "/assets/application.css?body=1" for 127.0.0.1 at 2013-03-21 19:46:35 +0530
Served asset /application.css - 304 Not Modified (4ms)


Started GET "/assets/application.js?body=1" for 127.0.0.1 at 2013-03-21 19:46:35 +0530
Served asset /application.js - 304 Not Modified (1ms)


Started GET "/assets/jquery_ujs.js?body=1" for 127.0.0.1 at 2013-03-21 19:46:35 +0530
Served asset /jquery_ujs.js - 304 Not Modified (0ms)


Started GET "/assets/say.css?body=1" for 127.0.0.1 at 2013-03-21 19:46:35 +0530
Served asset /say.css - 304 Not Modified (0ms)


Started GET "/assets/jquery.js?body=1" for 127.0.0.1 at 2013-03-21 19:46:35 +0530
Served asset /jquery.js - 304 Not Modified (0ms)


Started GET "/assets/say.js?body=1" for 127.0.0.1 at 2013-03-21 19:46:35 +0530
Served asset /say.js - 304 Not Modified (0ms)


Started GET "/say/goodbye" for 127.0.0.1 at 2013-03-21 19:46:36 +0530
Processing by SayController#goodbye as HTML
Redirected to http://localhost:3000/say/hello
Completed 302 Found in 0ms (ActiveRecord: 0.0ms)


Started GET "/say/hello" for 127.0.0.1 at 2013-03-21 19:46:36 +0530
Processing by SayController#hello as HTML
  Rendered say/hello.html.erb within layouts/application (0.3ms)
Completed 200 OK in 5ms (Views: 4.9ms | ActiveRecord: 0.0ms)


Started GET "/assets/application.css?body=1" for 127.0.0.1 at 2013-03-21 19:46:36 +0530
Served asset /application.css - 304 Not Modified (1ms)


Started GET "/assets/say.css?body=1" for 127.0.0.1 at 2013-03-21 19:46:36 +0530
Served asset /say.css - 304 Not Modified (3ms)


Started GET "/assets/jquery.js?body=1" for 127.0.0.1 at 2013-03-21 19:46:36 +0530
Served asset /jquery.js - 304 Not Modified (0ms)


Started GET "/assets/application.js?body=1" for 127.0.0.1 at 2013-03-21 19:46:36 +0530
Served asset /application.js - 304 Not Modified (1ms)


Started GET "/assets/say.js?body=1" for 127.0.0.1 at 2013-03-21 19:46:36 +0530
Served asset /say.js - 304 Not Modified (0ms)


Started GET "/assets/jquery_ujs.js?body=1" for 127.0.0.1 at 2013-03-21 19:46:36 +0530
Served asset /jquery_ujs.js - 304 Not Modified (0ms)


Started GET "/say/goodbye" for 127.0.0.1 at 2013-03-21 19:46:38 +0530
Processing by SayController#goodbye as HTML
Redirected to http://localhost:3000/say/hello
Completed 302 Found in 0ms (ActiveRecord: 0.0ms)


Started GET "/say/hello" for 127.0.0.1 at 2013-03-21 19:46:38 +0530
Processing by SayController#hello as HTML
  Rendered say/hello.html.erb within layouts/application (0.2ms)
Completed 200 OK in 4ms (Views: 3.9ms | ActiveRecord: 0.0ms)


Started GET "/assets/say.css?body=1" for 127.0.0.1 at 2013-03-21 19:46:38 +0530
Served asset /say.css - 304 Not Modified (1ms)


Started GET "/assets/application.css?body=1" for 127.0.0.1 at 2013-03-21 19:46:38 +0530
Served asset /application.css - 304 Not Modified (0ms)


Started GET "/assets/say.js?body=1" for 127.0.0.1 at 2013-03-21 19:46:38 +0530
Served asset /say.js - 304 Not Modified (0ms)


Started GET "/assets/jquery.js?body=1" for 127.0.0.1 at 2013-03-21 19:46:38 +0530
Served asset /jquery.js - 304 Not Modified (0ms)


Started GET "/assets/jquery_ujs.js?body=1" for 127.0.0.1 at 2013-03-21 19:46:38 +0530
Served asset /jquery_ujs.js - 304 Not Modified (0ms)


Started GET "/assets/application.js?body=1" for 127.0.0.1 at 2013-03-21 19:46:38 +0530
Served asset /application.js - 304 Not Modified (30ms)


Started GET "/say/hello" for 127.0.0.1 at 2013-03-21 19:47:30 +0530
Processing by SayController#hello as HTML
  Rendered say/hello.html.erb within layouts/application (0.3ms)
Completed 200 OK in 5ms (Views: 4.6ms | ActiveRecord: 0.0ms)


Started GET "/assets/application.css?body=1" for 127.0.0.1 at 2013-03-21 19:47:31 +0530
Served asset /application.css - 304 Not Modified (1ms)


Started GET "/assets/say.css?body=1" for 127.0.0.1 at 2013-03-21 19:47:31 +0530
Served asset /say.css - 304 Not Modified (0ms)


Started GET "/assets/jquery.js?body=1" for 127.0.0.1 at 2013-03-21 19:47:31 +0530
Served asset /jquery.js - 304 Not Modified (1ms)


Started GET "/assets/jquery_ujs.js?body=1" for 127.0.0.1 at 2013-03-21 19:47:31 +0530
Served asset /jquery_ujs.js - 304 Not Modified (0ms)


Started GET "/assets/say.js?body=1" for 127.0.0.1 at 2013-03-21 19:47:31 +0530
Served asset /say.js - 304 Not Modified (0ms)


Started GET "/assets/application.js?body=1" for 127.0.0.1 at 2013-03-21 19:47:31 +0530
Served asset /application.js - 304 Not Modified (2ms)


Started GET "/say/hello" for 127.0.0.1 at 2013-03-21 19:47:40 +0530
Processing by SayController#hello as HTML
  Rendered say/hello.html.erb within layouts/application (0.4ms)
Completed 200 OK in 5ms (Views: 4.5ms | ActiveRecord: 0.0ms)


Started GET "/assets/application.css?body=1" for 127.0.0.1 at 2013-03-21 19:47:40 +0530
Served asset /application.css - 304 Not Modified (0ms)


Started GET "/assets/jquery.js?body=1" for 127.0.0.1 at 2013-03-21 19:47:40 +0530
Served asset /jquery.js - 304 Not Modified (0ms)


Started GET "/assets/say.js?body=1" for 127.0.0.1 at 2013-03-21 19:47:40 +0530
Served asset /say.js - 304 Not Modified (0ms)


Started GET "/assets/jquery_ujs.js?body=1" for 127.0.0.1 at 2013-03-21 19:47:40 +0530
Served asset /jquery_ujs.js - 304 Not Modified (0ms)


Started GET "/assets/say.css?body=1" for 127.0.0.1 at 2013-03-21 19:47:40 +0530
Served asset /say.css - 304 Not Modified (0ms)


Started GET "/assets/application.js?body=1" for 127.0.0.1 at 2013-03-21 19:47:40 +0530
Served asset /application.js - 304 Not Modified (1ms)


Started GET "/say/hello" for 127.0.0.1 at 2013-03-21 19:47:51 +0530
Processing by SayController#hello as HTML
  Rendered say/hello.html.erb within layouts/application (0.3ms)
Completed 200 OK in 5ms (Views: 4.2ms | ActiveRecord: 0.0ms)


Started GET "/assets/application.css?body=1" for 127.0.0.1 at 2013-03-21 19:47:51 +0530
Served asset /application.css - 304 Not Modified (12ms)


Started GET "/assets/say.css?body=1" for 127.0.0.1 at 2013-03-21 19:47:51 +0530
Served asset /say.css - 304 Not Modified (0ms)


Started GET "/assets/jquery.js?body=1" for 127.0.0.1 at 2013-03-21 19:47:51 +0530
Served asset /jquery.js - 304 Not Modified (0ms)


Started GET "/assets/jquery_ujs.js?body=1" for 127.0.0.1 at 2013-03-21 19:47:51 +0530
Served asset /jquery_ujs.js - 304 Not Modified (0ms)


Started GET "/assets/say.js?body=1" for 127.0.0.1 at 2013-03-21 19:47:51 +0530
Served asset /say.js - 304 Not Modified (0ms)


Started GET "/assets/application.js?body=1" for 127.0.0.1 at 2013-03-21 19:47:51 +0530
Served asset /application.js - 304 Not Modified (1ms)


Started GET "/assets/rails.png" for 127.0.0.1 at 2013-04-04 17:39:27 +0530
Connecting to database specified by database.yml
Served asset /rails.png - 200 OK (5ms)
Connecting to database specified by database.yml
Connecting to database specified by database.yml
Connecting to database specified by database.yml
Connecting to database specified by database.yml
  [1m[36m (125.1ms)[0m  [1mSHOW TABLES[0m
  [1m[35m (304.2ms)[0m  CREATE TABLE `schema_migrations` (`version` varchar(255) NOT NULL) ENGINE=InnoDB
  [1m[36m (12.0ms)[0m  [1mSHOW KEYS FROM `schema_migrations`[0m
  [1m[35m (261.3ms)[0m  CREATE UNIQUE INDEX `unique_schema_migrations` ON `schema_migrations` (`version`)
  [1m[36m (0.5ms)[0m  [1mSHOW TABLES[0m
Connecting to database specified by database.yml
Connecting to database specified by database.yml
Connecting to database specified by database.yml
Connecting to database specified by database.yml
  [1m[36m (0.4ms)[0m  [1mSHOW TABLES[0m
Connecting to database specified by database.yml
  [1m[36m (0.4ms)[0m  [1mSHOW TABLES[0m
Connecting to database specified by database.yml
  [1m[36m (0.2ms)[0m  [1mSHOW TABLES[0m
Connecting to database specified by database.yml
Connecting to database specified by database.yml
  [1m[36m (0.3ms)[0m  [1mSELECT `schema_migrations`.`version` FROM `schema_migrations` [0m
Migrating to CreateProducts (20130404124633)
  [1m[35m (139.7ms)[0m  CREATE TABLE `products` (`id` int(11) DEFAULT NULL auto_increment PRIMARY KEY, `title` varchar(255), `description` text, `image_url` varchar(255), `created_at` datetime NOT NULL, `updated_at` datetime NOT NULL) ENGINE=InnoDB
  [1m[36m (45.0ms)[0m  [1mINSERT INTO `schema_migrations` (`version`) VALUES ('20130404124633')[0m
  [1m[35m (0.3ms)[0m  SELECT `schema_migrations`.`version` FROM `schema_migrations` 
Connecting to database specified by database.yml
Connecting to database specified by database.yml
  [1m[36m (0.2ms)[0m  [1mSELECT `schema_migrations`.`version` FROM `schema_migrations` [0m
Migrating to CreateProducts (20130404124633)
Migrating to AddPriceToProducts (20130404130448)
  [1m[35m (227.2ms)[0m  ALTER TABLE `products` ADD `price` decimal
  [1m[36m (30.7ms)[0m  [1mINSERT INTO `schema_migrations` (`version`) VALUES ('20130404130448')[0m
  [1m[35m (0.3ms)[0m  SELECT `schema_migrations`.`version` FROM `schema_migrations` 
Connecting to database specified by database.yml
Connecting to database specified by database.yml
  [1m[36m (0.2ms)[0m  [1mSELECT `schema_migrations`.`version` FROM `schema_migrations` [0m
Migrating to CreateProducts (20130404124633)
Migrating to AddPriceToProducts (20130404130448)
Migrating to RemovePriceToProducts (20130404131045)
  [1m[35m (301.1ms)[0m  ALTER TABLE `products` DROP `price`
  [1m[36m (45.5ms)[0m  [1mINSERT INTO `schema_migrations` (`version`) VALUES ('20130404131045')[0m
  [1m[35m (0.3ms)[0m  SELECT `schema_migrations`.`version` FROM `schema_migrations` 
Connecting to database specified by database.yml
Connecting to database specified by database.yml
  [1m[36m (0.2ms)[0m  [1mSELECT `schema_migrations`.`version` FROM `schema_migrations` [0m
Migrating to CreateProducts (20130404124633)
Migrating to AddPriceToProducts (20130404130448)
Migrating to RemovePriceToProducts (20130404131045)
  [1m[35m (0.1ms)[0m  SELECT `schema_migrations`.`version` FROM `schema_migrations` 
Connecting to database specified by database.yml
  [1m[36m (0.1ms)[0m  [1mSELECT `schema_migrations`.`version` FROM `schema_migrations` [0m
Migrating to CreateProducts (20130404124633)
Migrating to AddPriceToProducts (20130404130448)
Migrating to RemovePriceToProducts (20130404131045)
  [1m[35m (0.0ms)[0m  SELECT `schema_migrations`.`version` FROM `schema_migrations` 
Connecting to database specified by database.yml
  [1m[36m (0.2ms)[0m  [1mSELECT `schema_migrations`.`version` FROM `schema_migrations` [0m
  [1m[35m (0.1ms)[0m  SELECT `schema_migrations`.`version` FROM `schema_migrations` 
Migrating to RemovePriceToProducts (20130404131045)
  [1m[36m (322.1ms)[0m  [1mALTER TABLE `products` ADD `price` decimal[0m
  [1m[35m (127.6ms)[0m  DELETE FROM `schema_migrations` WHERE `schema_migrations`.`version` = '20130404131045'
  [1m[36m (0.3ms)[0m  [1mSELECT `schema_migrations`.`version` FROM `schema_migrations` [0m
Connecting to database specified by database.yml
Connecting to database specified by database.yml
  [1m[36m (0.1ms)[0m  [1mSELECT `schema_migrations`.`version` FROM `schema_migrations` [0m
Migrating to CreateProducts (20130404124633)
Migrating to AddPriceToProducts (20130404130448)
Migrating to RemovePriceToProducts (20130404131045)
  [1m[35m (340.3ms)[0m  ALTER TABLE `products` DROP `price`
  [1m[36m (44.0ms)[0m  [1mINSERT INTO `schema_migrations` (`version`) VALUES ('20130404131045')[0m
Migrating to ChangeDataTypeToPrice (20130404132554)
  [1m[35m (46.9ms)[0m  INSERT INTO `schema_migrations` (`version`) VALUES ('20130404132554')
  [1m[36m (0.3ms)[0m  [1mSELECT `schema_migrations`.`version` FROM `schema_migrations` [0m
Connecting to database specified by database.yml
  [1m[36m (0.2ms)[0m  [1mSELECT `schema_migrations`.`version` FROM `schema_migrations` [0m
  [1m[35m (0.0ms)[0m  SELECT `schema_migrations`.`version` FROM `schema_migrations` 
Migrating to ChangeDataTypeToPrice (20130404132554)
  [1m[36m (65.4ms)[0m  [1mDELETE FROM `schema_migrations` WHERE `schema_migrations`.`version` = '20130404132554'[0m
  [1m[35m (0.3ms)[0m  SELECT `schema_migrations`.`version` FROM `schema_migrations` 
Connecting to database specified by database.yml
Connecting to database specified by database.yml
  [1m[36m (0.1ms)[0m  [1mSELECT `schema_migrations`.`version` FROM `schema_migrations` [0m
Migrating to CreateProducts (20130404124633)
Migrating to AddPriceToProducts (20130404130448)
Migrating to RemovePriceToProducts (20130404131045)
Migrating to ChangeDataTypeToPrice (20130404132554)
  [1m[35m (78.1ms)[0m  INSERT INTO `schema_migrations` (`version`) VALUES ('20130404132554')
Migrating to ChangeDataTypeForProductsPrice (20130404132830)
  [1m[36m (46.2ms)[0m  [1mINSERT INTO `schema_migrations` (`version`) VALUES ('20130404132830')[0m
  [1m[35m (0.4ms)[0m  SELECT `schema_migrations`.`version` FROM `schema_migrations` 
Connecting to database specified by database.yml
  [1m[36m (0.2ms)[0m  [1mSELECT `schema_migrations`.`version` FROM `schema_migrations` [0m
  [1m[35m (0.0ms)[0m  SELECT `schema_migrations`.`version` FROM `schema_migrations` 
Migrating to ChangeDataTypeForProductsPrice (20130404132830)
  [1m[36m (94.9ms)[0m  [1mDELETE FROM `schema_migrations` WHERE `schema_migrations`.`version` = '20130404132830'[0m
  [1m[35m (0.3ms)[0m  SELECT `schema_migrations`.`version` FROM `schema_migrations` 
Connecting to database specified by database.yml
  [1m[36m (0.2ms)[0m  [1mSELECT `schema_migrations`.`version` FROM `schema_migrations` [0m
  [1m[35m (0.1ms)[0m  SELECT `schema_migrations`.`version` FROM `schema_migrations` 
Migrating to ChangeDataTypeToPrice (20130404132554)
  [1m[36m (65.7ms)[0m  [1mDELETE FROM `schema_migrations` WHERE `schema_migrations`.`version` = '20130404132554'[0m
  [1m[35m (0.1ms)[0m  SELECT `schema_migrations`.`version` FROM `schema_migrations` 
Connecting to database specified by database.yml
  [1m[36m (0.2ms)[0m  [1mSELECT `schema_migrations`.`version` FROM `schema_migrations` [0m
  [1m[35m (0.2ms)[0m  SELECT `schema_migrations`.`version` FROM `schema_migrations` 
Migrating to RemovePriceToProducts (20130404131045)
  [1m[36m (254.5ms)[0m  [1mALTER TABLE `products` ADD `price` decimal[0m
  [1m[35m (31.3ms)[0m  DELETE FROM `schema_migrations` WHERE `schema_migrations`.`version` = '20130404131045'
  [1m[36m (0.3ms)[0m  [1mSELECT `schema_migrations`.`version` FROM `schema_migrations` [0m
Connecting to database specified by database.yml
Connecting to database specified by database.yml
Connecting to database specified by database.yml
Connecting to database specified by database.yml
Connecting to database specified by database.yml
Connecting to database specified by database.yml
Connecting to database specified by database.yml
Connecting to database specified by database.yml
Connecting to database specified by database.yml
Connecting to database specified by database.yml
Connecting to database specified by database.yml
  [1m[36m (0.1ms)[0m  [1mSELECT `schema_migrations`.`version` FROM `schema_migrations` [0m
Migrating to CreateProducts (20130404124633)
Migrating to AddPriceToProducts (20130404130448)
Migrating to AddPurchagePriceToProducts (20130404135335)
  [1m[35m (301.4ms)[0m  ALTER TABLE `products` CHANGE `price` `price` decimal(8,2) DEFAULT NULL
  [1m[36m (29.5ms)[0m  [1mINSERT INTO `schema_migrations` (`version`) VALUES ('20130404135335')[0m
  [1m[35m (0.3ms)[0m  SELECT `schema_migrations`.`version` FROM `schema_migrations` 


Started GET "/product" for 127.0.0.1 at 2013-04-04 19:49:48 +0530
Connecting to database specified by database.yml

ActionController::RoutingError (No route matches [GET] "/product"):
  actionpack (3.2.12) lib/action_dispatch/middleware/debug_exceptions.rb:21:in `call'
  actionpack (3.2.12) lib/action_dispatch/middleware/show_exceptions.rb:56:in `call'
  railties (3.2.12) lib/rails/rack/logger.rb:32:in `call_app'
  railties (3.2.12) lib/rails/rack/logger.rb:16:in `block in call'
  activesupport (3.2.12) lib/active_support/tagged_logging.rb:22:in `tagged'
  railties (3.2.12) lib/rails/rack/logger.rb:16:in `call'
  actionpack (3.2.12) lib/action_dispatch/middleware/request_id.rb:22:in `call'
  rack (1.4.5) lib/rack/methodoverride.rb:21:in `call'
  rack (1.4.5) lib/rack/runtime.rb:17:in `call'
  activesupport (3.2.12) lib/active_support/cache/strategy/local_cache.rb:72:in `call'
  rack (1.4.5) lib/rack/lock.rb:15:in `call'
  actionpack (3.2.12) lib/action_dispatch/middleware/static.rb:62:in `call'
  railties (3.2.12) lib/rails/engine.rb:479:in `call'
  railties (3.2.12) lib/rails/application.rb:223:in `call'
  rack (1.4.5) lib/rack/content_length.rb:14:in `call'
  railties (3.2.12) lib/rails/rack/log_tailer.rb:17:in `call'
  rack (1.4.5) lib/rack/handler/webrick.rb:59:in `service'
  /home/asisht/.rvm/rubies/ruby-1.9.2-p290/lib/ruby/1.9.1/webrick/httpserver.rb:111:in `service'
  /home/asisht/.rvm/rubies/ruby-1.9.2-p290/lib/ruby/1.9.1/webrick/httpserver.rb:70:in `run'
  /home/asisht/.rvm/rubies/ruby-1.9.2-p290/lib/ruby/1.9.1/webrick/server.rb:183:in `block in start_thread'


  Rendered /home/asisht/.rvm/gems/ruby-1.9.2-p290/gems/actionpack-3.2.12/lib/action_dispatch/middleware/templates/rescues/routing_error.erb within rescues/layout (21.4ms)


Started GET "/products" for 127.0.0.1 at 2013-04-04 19:49:52 +0530

ActionController::RoutingError (No route matches [GET] "/products"):
  actionpack (3.2.12) lib/action_dispatch/middleware/debug_exceptions.rb:21:in `call'
  actionpack (3.2.12) lib/action_dispatch/middleware/show_exceptions.rb:56:in `call'
  railties (3.2.12) lib/rails/rack/logger.rb:32:in `call_app'
  railties (3.2.12) lib/rails/rack/logger.rb:16:in `block in call'
  activesupport (3.2.12) lib/active_support/tagged_logging.rb:22:in `tagged'
  railties (3.2.12) lib/rails/rack/logger.rb:16:in `call'
  actionpack (3.2.12) lib/action_dispatch/middleware/request_id.rb:22:in `call'
  rack (1.4.5) lib/rack/methodoverride.rb:21:in `call'
  rack (1.4.5) lib/rack/runtime.rb:17:in `call'
  activesupport (3.2.12) lib/active_support/cache/strategy/local_cache.rb:72:in `call'
  rack (1.4.5) lib/rack/lock.rb:15:in `call'
  actionpack (3.2.12) lib/action_dispatch/middleware/static.rb:62:in `call'
  railties (3.2.12) lib/rails/engine.rb:479:in `call'
  railties (3.2.12) lib/rails/application.rb:223:in `call'
  rack (1.4.5) lib/rack/content_length.rb:14:in `call'
  railties (3.2.12) lib/rails/rack/log_tailer.rb:17:in `call'
  rack (1.4.5) lib/rack/handler/webrick.rb:59:in `service'
  /home/asisht/.rvm/rubies/ruby-1.9.2-p290/lib/ruby/1.9.1/webrick/httpserver.rb:111:in `service'
  /home/asisht/.rvm/rubies/ruby-1.9.2-p290/lib/ruby/1.9.1/webrick/httpserver.rb:70:in `run'
  /home/asisht/.rvm/rubies/ruby-1.9.2-p290/lib/ruby/1.9.1/webrick/server.rb:183:in `block in start_thread'


  Rendered /home/asisht/.rvm/gems/ruby-1.9.2-p290/gems/actionpack-3.2.12/lib/action_dispatch/middleware/templates/rescues/routing_error.erb within rescues/layout (0.5ms)


Started GET "/products" for 127.0.0.1 at 2013-04-04 19:50:25 +0530

ActionController::RoutingError (No route matches [GET] "/products"):
  actionpack (3.2.12) lib/action_dispatch/middleware/debug_exceptions.rb:21:in `call'
  actionpack (3.2.12) lib/action_dispatch/middleware/show_exceptions.rb:56:in `call'
  railties (3.2.12) lib/rails/rack/logger.rb:32:in `call_app'
  railties (3.2.12) lib/rails/rack/logger.rb:16:in `block in call'
  activesupport (3.2.12) lib/active_support/tagged_logging.rb:22:in `tagged'
  railties (3.2.12) lib/rails/rack/logger.rb:16:in `call'
  actionpack (3.2.12) lib/action_dispatch/middleware/request_id.rb:22:in `call'
  rack (1.4.5) lib/rack/methodoverride.rb:21:in `call'
  rack (1.4.5) lib/rack/runtime.rb:17:in `call'
  activesupport (3.2.12) lib/active_support/cache/strategy/local_cache.rb:72:in `call'
  rack (1.4.5) lib/rack/lock.rb:15:in `call'
  actionpack (3.2.12) lib/action_dispatch/middleware/static.rb:62:in `call'
  railties (3.2.12) lib/rails/engine.rb:479:in `call'
  railties (3.2.12) lib/rails/application.rb:223:in `call'
  rack (1.4.5) lib/rack/content_length.rb:14:in `call'
  railties (3.2.12) lib/rails/rack/log_tailer.rb:17:in `call'
  rack (1.4.5) lib/rack/handler/webrick.rb:59:in `service'
  /home/asisht/.rvm/rubies/ruby-1.9.2-p290/lib/ruby/1.9.1/webrick/httpserver.rb:111:in `service'
  /home/asisht/.rvm/rubies/ruby-1.9.2-p290/lib/ruby/1.9.1/webrick/httpserver.rb:70:in `run'
  /home/asisht/.rvm/rubies/ruby-1.9.2-p290/lib/ruby/1.9.1/webrick/server.rb:183:in `block in start_thread'


  Rendered /home/asisht/.rvm/gems/ruby-1.9.2-p290/gems/actionpack-3.2.12/lib/action_dispatch/middleware/templates/rescues/routing_error.erb within rescues/layout (0.6ms)


Started GET "/products/new" for 127.0.0.1 at 2013-04-04 19:50:38 +0530

ActionController::RoutingError (No route matches [GET] "/products/new"):
  actionpack (3.2.12) lib/action_dispatch/middleware/debug_exceptions.rb:21:in `call'
  actionpack (3.2.12) lib/action_dispatch/middleware/show_exceptions.rb:56:in `call'
  railties (3.2.12) lib/rails/rack/logger.rb:32:in `call_app'
  railties (3.2.12) lib/rails/rack/logger.rb:16:in `block in call'
  activesupport (3.2.12) lib/active_support/tagged_logging.rb:22:in `tagged'
  railties (3.2.12) lib/rails/rack/logger.rb:16:in `call'
  actionpack (3.2.12) lib/action_dispatch/middleware/request_id.rb:22:in `call'
  rack (1.4.5) lib/rack/methodoverride.rb:21:in `call'
  rack (1.4.5) lib/rack/runtime.rb:17:in `call'
  activesupport (3.2.12) lib/active_support/cache/strategy/local_cache.rb:72:in `call'
  rack (1.4.5) lib/rack/lock.rb:15:in `call'
  actionpack (3.2.12) lib/action_dispatch/middleware/static.rb:62:in `call'
  railties (3.2.12) lib/rails/engine.rb:479:in `call'
  railties (3.2.12) lib/rails/application.rb:223:in `call'
  rack (1.4.5) lib/rack/content_length.rb:14:in `call'
  railties (3.2.12) lib/rails/rack/log_tailer.rb:17:in `call'
  rack (1.4.5) lib/rack/handler/webrick.rb:59:in `service'
  /home/asisht/.rvm/rubies/ruby-1.9.2-p290/lib/ruby/1.9.1/webrick/httpserver.rb:111:in `service'
  /home/asisht/.rvm/rubies/ruby-1.9.2-p290/lib/ruby/1.9.1/webrick/httpserver.rb:70:in `run'
  /home/asisht/.rvm/rubies/ruby-1.9.2-p290/lib/ruby/1.9.1/webrick/server.rb:183:in `block in start_thread'


  Rendered /home/asisht/.rvm/gems/ruby-1.9.2-p290/gems/actionpack-3.2.12/lib/action_dispatch/middleware/templates/rescues/routing_error.erb within rescues/layout (0.6ms)


Started GET "/products" for 127.0.0.1 at 2013-04-04 19:51:54 +0530
Processing by ProductsController#index as HTML
  [1m[36mProduct Load (0.5ms)[0m  [1mSELECT `products`.* FROM `products` [0m
  Rendered products/index.html.erb within layouts/application (0.8ms)
Compiled product.css  (47ms)  (pid 13619)
Compiled application.css  (73ms)  (pid 13619)
Compiled product.js  (103ms)  (pid 13619)
Compiled application.js  (111ms)  (pid 13619)
Completed 200 OK in 548ms (Views: 364.2ms | ActiveRecord: 2.6ms)


Started GET "/assets/application.css?body=1" for 127.0.0.1 at 2013-04-04 19:51:55 +0530
Served asset /application.css - 200 OK (7ms)


Started GET "/assets/product.css?body=1" for 127.0.0.1 at 2013-04-04 19:51:55 +0530
Served asset /product.css - 200 OK (8ms)


Started GET "/assets/say.css?body=1" for 127.0.0.1 at 2013-04-04 19:51:55 +0530
Served asset /say.css - 200 OK (4ms)


Started GET "/assets/jquery.js?body=1" for 127.0.0.1 at 2013-04-04 19:51:55 +0530
Served asset /jquery.js - 200 OK (6ms)


Started GET "/assets/jquery_ujs.js?body=1" for 127.0.0.1 at 2013-04-04 19:51:55 +0530
Served asset /jquery_ujs.js - 200 OK (3ms)


Started GET "/assets/say.js?body=1" for 127.0.0.1 at 2013-04-04 19:51:55 +0530
Served asset /say.js - 200 OK (2ms)


Started GET "/assets/product.js?body=1" for 127.0.0.1 at 2013-04-04 19:51:55 +0530
Served asset /product.js - 200 OK (2ms)


Started GET "/assets/application.js?body=1" for 127.0.0.1 at 2013-04-04 19:51:55 +0530
Served asset /application.js - 200 OK (8ms)


Started GET "/products/new" for 127.0.0.1 at 2013-04-04 19:52:05 +0530
Processing by ProductsController#new as HTML
  Rendered products/_form.html.erb (43.8ms)
  Rendered products/new.html.erb within layouts/application (83.8ms)
Completed 200 OK in 95ms (Views: 89.6ms | ActiveRecord: 0.0ms)


Started POST "/products" for 127.0.0.1 at 2013-04-04 19:52:09 +0530
Processing by ProductsController#create as HTML
  Parameters: {"utf8"=>"✓", "authenticity_token"=>"dRJ1PsWOVlOwlEr5HtdL+QhxtaYL61xaGz+di499eF8=", "commit"=>"Create Product"}
  [1m[35m (0.1ms)[0m  BEGIN
  [1m[36mSQL (0.3ms)[0m  [1mINSERT INTO `products` (`created_at`, `description`, `image_url`, `price`, `title`, `updated_at`) VALUES ('2013-04-04 14:22:09', NULL, NULL, NULL, NULL, '2013-04-04 14:22:09')[0m
  [1m[35m (89.8ms)[0m  COMMIT
Redirected to http://localhost:3000/products/1
Completed 302 Found in 263ms (ActiveRecord: 90.3ms)


Started GET "/products/1" for 127.0.0.1 at 2013-04-04 19:52:09 +0530
Processing by ProductsController#show as HTML
  Parameters: {"id"=>"1"}
  [1m[36mProduct Load (0.9ms)[0m  [1mSELECT `products`.* FROM `products` WHERE `products`.`id` = 1 LIMIT 1[0m
  Rendered products/show.html.erb within layouts/application (1.0ms)
Completed 200 OK in 36ms (Views: 31.1ms | ActiveRecord: 0.9ms)


Started GET "/products/1/edit" for 127.0.0.1 at 2013-04-04 19:52:16 +0530
Processing by ProductsController#edit as HTML
  Parameters: {"id"=>"1"}
  [1m[35mProduct Load (0.1ms)[0m  SELECT `products`.* FROM `products` WHERE `products`.`id` = 1 LIMIT 1
  Rendered products/_form.html.erb (1.2ms)
  Rendered products/edit.html.erb within layouts/application (2.5ms)
Completed 200 OK in 10ms (Views: 8.0ms | ActiveRecord: 0.1ms)


Started GET "/products" for 127.0.0.1 at 2013-04-04 19:52:19 +0530
Processing by ProductsController#index as HTML
  [1m[36mProduct Load (0.5ms)[0m  [1mSELECT `products`.* FROM `products` [0m
  Rendered products/index.html.erb within layouts/application (0.9ms)
Completed 200 OK in 8ms (Views: 6.8ms | ActiveRecord: 0.5ms)


Started GET "/products" for 127.0.0.1 at 2013-04-05 12:55:55 +0530
Connecting to database specified by database.yml
Processing by ProductsController#index as HTML
  [1m[36mProduct Load (0.8ms)[0m  [1mSELECT `products`.* FROM `products` [0m
  Rendered products/index.html.erb within layouts/application (23.1ms)
Completed 200 OK in 372ms (Views: 260.9ms | ActiveRecord: 2.2ms)


Started GET "/assets/application.css?body=1" for 127.0.0.1 at 2013-04-05 12:55:56 +0530
Served asset /application.css - 304 Not Modified (6ms)


Started GET "/assets/jquery_ujs.js?body=1" for 127.0.0.1 at 2013-04-05 12:55:56 +0530
Served asset /jquery_ujs.js - 304 Not Modified (5ms)


Started GET "/assets/jquery.js?body=1" for 127.0.0.1 at 2013-04-05 12:55:56 +0530
Served asset /jquery.js - 304 Not Modified (6ms)


Started GET "/assets/say.css?body=1" for 127.0.0.1 at 2013-04-05 12:55:56 +0530
Served asset /say.css - 304 Not Modified (1ms)


Started GET "/assets/product.css?body=1" for 127.0.0.1 at 2013-04-05 12:55:56 +0530
Served asset /product.css - 304 Not Modified (2ms)


Started GET "/assets/product.js?body=1" for 127.0.0.1 at 2013-04-05 12:55:56 +0530
Served asset /product.js - 304 Not Modified (2ms)


Started GET "/assets/say.js?body=1" for 127.0.0.1 at 2013-04-05 12:55:56 +0530
Served asset /say.js - 304 Not Modified (2ms)


Started GET "/assets/application.js?body=1" for 127.0.0.1 at 2013-04-05 12:55:56 +0530
Served asset /application.js - 304 Not Modified (13ms)


Started GET "/products/new" for 127.0.0.1 at 2013-04-05 12:56:00 +0530
Processing by ProductsController#new as HTML
  Rendered products/_form.html.erb (56.2ms)
  Rendered products/new.html.erb within layouts/application (108.3ms)
Completed 200 OK in 149ms (Views: 148.2ms | ActiveRecord: 0.0ms)


Started GET "/assets/application.css?body=1" for 127.0.0.1 at 2013-04-05 12:56:00 +0530
Served asset /application.css - 304 Not Modified (16ms)


Started GET "/assets/product.css?body=1" for 127.0.0.1 at 2013-04-05 12:56:00 +0530
Served asset /product.css - 304 Not Modified (0ms)


Started GET "/assets/product.js?body=1" for 127.0.0.1 at 2013-04-05 12:56:00 +0530
Served asset /product.js - 304 Not Modified (0ms)


Started GET "/assets/say.css?body=1" for 127.0.0.1 at 2013-04-05 12:56:00 +0530
Served asset /say.css - 304 Not Modified (0ms)


Started GET "/assets/jquery_ujs.js?body=1" for 127.0.0.1 at 2013-04-05 12:56:00 +0530
Served asset /jquery_ujs.js - 304 Not Modified (0ms)


Started GET "/assets/jquery.js?body=1" for 127.0.0.1 at 2013-04-05 12:56:00 +0530
Served asset /jquery.js - 304 Not Modified (0ms)


Started GET "/assets/say.js?body=1" for 127.0.0.1 at 2013-04-05 12:56:00 +0530
Served asset /say.js - 304 Not Modified (0ms)


Started GET "/assets/application.js?body=1" for 127.0.0.1 at 2013-04-05 12:56:00 +0530
Served asset /application.js - 304 Not Modified (1ms)


Started GET "/products/new" for 127.0.0.1 at 2013-04-05 13:03:39 +0530
Processing by ProductsController#new as HTML
  Rendered products/_form.html.erb (3.4ms)
  Rendered products/new.html.erb within layouts/application (4.2ms)
Completed 200 OK in 11ms (Views: 10.4ms | ActiveRecord: 0.0ms)


Started GET "/assets/product.css?body=1" for 127.0.0.1 at 2013-04-05 13:03:39 +0530
Served asset /product.css - 304 Not Modified (2ms)


Started GET "/assets/say.css?body=1" for 127.0.0.1 at 2013-04-05 13:03:39 +0530
Served asset /say.css - 304 Not Modified (4ms)


Started GET "/assets/jquery.js?body=1" for 127.0.0.1 at 2013-04-05 13:03:39 +0530
Served asset /jquery.js - 304 Not Modified (4ms)


Started GET "/assets/jquery_ujs.js?body=1" for 127.0.0.1 at 2013-04-05 13:03:39 +0530
Served asset /jquery_ujs.js - 304 Not Modified (0ms)


Started GET "/assets/application.css?body=1" for 127.0.0.1 at 2013-04-05 13:03:39 +0530
Served asset /application.css - 304 Not Modified (0ms)


Started GET "/assets/say.js?body=1" for 127.0.0.1 at 2013-04-05 13:03:39 +0530
Served asset /say.js - 304 Not Modified (0ms)


Started GET "/assets/product.js?body=1" for 127.0.0.1 at 2013-04-05 13:03:39 +0530
Served asset /product.js - 304 Not Modified (0ms)


Started GET "/assets/application.js?body=1" for 127.0.0.1 at 2013-04-05 13:03:39 +0530
Served asset /application.js - 304 Not Modified (1ms)


Started GET "/products/new" for 127.0.0.1 at 2013-04-05 13:03:43 +0530
Processing by ProductsController#new as HTML
  Rendered products/_form.html.erb (3.4ms)
  Rendered products/new.html.erb within layouts/application (4.4ms)
Completed 200 OK in 11ms (Views: 10.5ms | ActiveRecord: 0.0ms)


Started GET "/assets/application.css?body=1" for 127.0.0.1 at 2013-04-05 13:03:43 +0530
Served asset /application.css - 304 Not Modified (0ms)


Started GET "/assets/product.css?body=1" for 127.0.0.1 at 2013-04-05 13:03:43 +0530
Served asset /product.css - 304 Not Modified (0ms)


Started GET "/assets/say.css?body=1" for 127.0.0.1 at 2013-04-05 13:03:43 +0530
Served asset /say.css - 304 Not Modified (0ms)


Started GET "/assets/jquery.js?body=1" for 127.0.0.1 at 2013-04-05 13:03:43 +0530
Served asset /jquery.js - 304 Not Modified (2ms)


Started GET "/assets/product.js?body=1" for 127.0.0.1 at 2013-04-05 13:03:43 +0530
Served asset /product.js - 304 Not Modified (1ms)


Started GET "/assets/jquery_ujs.js?body=1" for 127.0.0.1 at 2013-04-05 13:03:43 +0530
Served asset /jquery_ujs.js - 304 Not Modified (1ms)


Started GET "/assets/say.js?body=1" for 127.0.0.1 at 2013-04-05 13:03:43 +0530
Served asset /say.js - 304 Not Modified (0ms)


Started GET "/assets/application.js?body=1" for 127.0.0.1 at 2013-04-05 13:03:43 +0530
Served asset /application.js - 304 Not Modified (2ms)


Started GET "/products/new" for 127.0.0.1 at 2013-04-05 13:06:34 +0530
Processing by ProductsController#new as HTML
  Rendered products/_form.html.erb (6.3ms)
  Rendered products/new.html.erb within layouts/application (7.5ms)
Completed 200 OK in 15ms (Views: 14.6ms | ActiveRecord: 0.0ms)


Started GET "/assets/application.css?body=1" for 127.0.0.1 at 2013-04-05 13:06:34 +0530
Served asset /application.css - 304 Not Modified (10ms)


Started GET "/assets/product.css?body=1" for 127.0.0.1 at 2013-04-05 13:06:34 +0530
Served asset /product.css - 304 Not Modified (0ms)


Started GET "/assets/say.css?body=1" for 127.0.0.1 at 2013-04-05 13:06:34 +0530
Served asset /say.css - 304 Not Modified (0ms)


Started GET "/assets/product.js?body=1" for 127.0.0.1 at 2013-04-05 13:06:34 +0530
Served asset /product.js - 304 Not Modified (0ms)


Started GET "/assets/jquery.js?body=1" for 127.0.0.1 at 2013-04-05 13:06:34 +0530
Served asset /jquery.js - 304 Not Modified (1ms)


Started GET "/assets/jquery_ujs.js?body=1" for 127.0.0.1 at 2013-04-05 13:06:34 +0530
Served asset /jquery_ujs.js - 304 Not Modified (0ms)


Started GET "/assets/say.js?body=1" for 127.0.0.1 at 2013-04-05 13:06:34 +0530
Served asset /say.js - 304 Not Modified (0ms)


Started GET "/assets/application.js?body=1" for 127.0.0.1 at 2013-04-05 13:06:34 +0530
Served asset /application.js - 304 Not Modified (4ms)


Started GET "/products/new" for 127.0.0.1 at 2013-04-05 13:07:26 +0530
Processing by ProductsController#new as HTML
  Rendered products/_form.html.erb (3.1ms)
  Rendered products/new.html.erb within layouts/application (3.8ms)
Completed 200 OK in 12ms (Views: 11.3ms | ActiveRecord: 0.0ms)


Started GET "/assets/application.css?body=1" for 127.0.0.1 at 2013-04-05 13:07:26 +0530
Served asset /application.css - 200 OK (2ms)


Started GET "/assets/say.css?body=1" for 127.0.0.1 at 2013-04-05 13:07:26 +0530
Served asset /say.css - 200 OK (0ms)


Started GET "/assets/jquery_ujs.js?body=1" for 127.0.0.1 at 2013-04-05 13:07:26 +0530
Served asset /jquery_ujs.js - 200 OK (0ms)


Started GET "/assets/product.css?body=1" for 127.0.0.1 at 2013-04-05 13:07:26 +0530
Served asset /product.css - 200 OK (0ms)


Started GET "/assets/jquery.js?body=1" for 127.0.0.1 at 2013-04-05 13:07:26 +0530
Served asset /jquery.js - 200 OK (1ms)


Started GET "/assets/product.js?body=1" for 127.0.0.1 at 2013-04-05 13:07:26 +0530
Served asset /product.js - 200 OK (0ms)


Started GET "/assets/say.js?body=1" for 127.0.0.1 at 2013-04-05 13:07:26 +0530
Served asset /say.js - 200 OK (0ms)


Started GET "/assets/application.js?body=1" for 127.0.0.1 at 2013-04-05 13:07:26 +0530
Served asset /application.js - 200 OK (6ms)


Started GET "/products/new" for 127.0.0.1 at 2013-04-05 13:08:16 +0530
Processing by ProductsController#new as HTML
  Rendered products/_form.html.erb (3.6ms)
  Rendered products/new.html.erb within layouts/application (4.7ms)
Completed 200 OK in 12ms (Views: 11.2ms | ActiveRecord: 0.0ms)


Started GET "/assets/application.css?body=1" for 127.0.0.1 at 2013-04-05 13:08:17 +0530
Served asset /application.css - 304 Not Modified (1ms)


Started GET "/assets/jquery.js?body=1" for 127.0.0.1 at 2013-04-05 13:08:17 +0530
Served asset /jquery.js - 304 Not Modified (4ms)


Started GET "/assets/product.css?body=1" for 127.0.0.1 at 2013-04-05 13:08:17 +0530
Served asset /product.css - 304 Not Modified (0ms)


Started GET "/assets/jquery_ujs.js?body=1" for 127.0.0.1 at 2013-04-05 13:08:17 +0530
Served asset /jquery_ujs.js - 304 Not Modified (1ms)


Started GET "/assets/product.js?body=1" for 127.0.0.1 at 2013-04-05 13:08:17 +0530
Served asset /product.js - 304 Not Modified (0ms)


Started GET "/assets/say.css?body=1" for 127.0.0.1 at 2013-04-05 13:08:17 +0530
Served asset /say.css - 304 Not Modified (0ms)


Started GET "/assets/say.js?body=1" for 127.0.0.1 at 2013-04-05 13:08:17 +0530
Served asset /say.js - 304 Not Modified (0ms)


Started GET "/assets/application.js?body=1" for 127.0.0.1 at 2013-04-05 13:08:17 +0530
Served asset /application.js - 304 Not Modified (6ms)


Started GET "/products/new" for 127.0.0.1 at 2013-04-05 13:08:59 +0530
Processing by ProductsController#new as HTML
  Rendered products/_form.html.erb (2.8ms)
  Rendered products/new.html.erb within layouts/application (3.8ms)
Completed 200 OK in 10ms (Views: 9.6ms | ActiveRecord: 0.0ms)


Started GET "/assets/application.css?body=1" for 127.0.0.1 at 2013-04-05 13:08:59 +0530
Served asset /application.css - 304 Not Modified (2ms)


Started GET "/assets/jquery_ujs.js?body=1" for 127.0.0.1 at 2013-04-05 13:08:59 +0530
Served asset /jquery_ujs.js - 304 Not Modified (0ms)


Started GET "/assets/product.css?body=1" for 127.0.0.1 at 2013-04-05 13:08:59 +0530
Served asset /product.css - 304 Not Modified (0ms)


Started GET "/assets/say.css?body=1" for 127.0.0.1 at 2013-04-05 13:08:59 +0530
Served asset /say.css - 304 Not Modified (0ms)


Started GET "/assets/product.js?body=1" for 127.0.0.1 at 2013-04-05 13:08:59 +0530
Served asset /product.js - 304 Not Modified (0ms)


Started GET "/assets/jquery.js?body=1" for 127.0.0.1 at 2013-04-05 13:08:59 +0530
Served asset /jquery.js - 304 Not Modified (1ms)


Started GET "/assets/say.js?body=1" for 127.0.0.1 at 2013-04-05 13:08:59 +0530
Served asset /say.js - 304 Not Modified (0ms)


Started GET "/assets/application.js?body=1" for 127.0.0.1 at 2013-04-05 13:08:59 +0530
Served asset /application.js - 304 Not Modified (2ms)


Started GET "/products/new" for 127.0.0.1 at 2013-04-05 13:09:22 +0530
Processing by ProductsController#new as HTML
  Rendered products/_form.html.erb (3.5ms)
  Rendered products/new.html.erb within layouts/application (5.0ms)
Completed 200 OK in 14ms (Views: 13.4ms | ActiveRecord: 0.0ms)


Started GET "/assets/application.css?body=1" for 127.0.0.1 at 2013-04-05 13:09:22 +0530
Served asset /application.css - 304 Not Modified (7ms)


Started GET "/assets/say.css?body=1" for 127.0.0.1 at 2013-04-05 13:09:22 +0530
Served asset /say.css - 304 Not Modified (0ms)


Started GET "/assets/product.js?body=1" for 127.0.0.1 at 2013-04-05 13:09:22 +0530
Served asset /product.js - 304 Not Modified (0ms)


Started GET "/assets/jquery.js?body=1" for 127.0.0.1 at 2013-04-05 13:09:22 +0530
Served asset /jquery.js - 304 Not Modified (3ms)


Started GET "/assets/product.css?body=1" for 127.0.0.1 at 2013-04-05 13:09:22 +0530
Served asset /product.css - 304 Not Modified (0ms)


Started GET "/assets/jquery_ujs.js?body=1" for 127.0.0.1 at 2013-04-05 13:09:22 +0530
Served asset /jquery_ujs.js - 304 Not Modified (31ms)


Started GET "/assets/say.js?body=1" for 127.0.0.1 at 2013-04-05 13:09:22 +0530
Served asset /say.js - 304 Not Modified (0ms)


Started GET "/assets/application.js?body=1" for 127.0.0.1 at 2013-04-05 13:09:22 +0530
Served asset /application.js - 304 Not Modified (5ms)


Started GET "/products/new" for 127.0.0.1 at 2013-04-05 13:10:24 +0530
Processing by ProductsController#new as HTML
  Rendered products/_form.html.erb (3.7ms)
  Rendered products/new.html.erb within layouts/application (4.5ms)
Completed 200 OK in 12ms (Views: 11.5ms | ActiveRecord: 0.0ms)


Started GET "/assets/product.css?body=1" for 127.0.0.1 at 2013-04-05 13:10:24 +0530
Served asset /product.css - 304 Not Modified (0ms)


Started GET "/assets/say.css?body=1" for 127.0.0.1 at 2013-04-05 13:10:24 +0530
Served asset /say.css - 304 Not Modified (2ms)


Started GET "/assets/say.js?body=1" for 127.0.0.1 at 2013-04-05 13:10:24 +0530
Served asset /say.js - 304 Not Modified (0ms)


Started GET "/assets/jquery_ujs.js?body=1" for 127.0.0.1 at 2013-04-05 13:10:24 +0530
Served asset /jquery_ujs.js - 304 Not Modified (0ms)


Started GET "/assets/jquery.js?body=1" for 127.0.0.1 at 2013-04-05 13:10:24 +0530
Served asset /jquery.js - 304 Not Modified (2ms)


Started GET "/assets/application.css?body=1" for 127.0.0.1 at 2013-04-05 13:10:24 +0530
Served asset /application.css - 304 Not Modified (1ms)


Started GET "/assets/product.js?body=1" for 127.0.0.1 at 2013-04-05 13:10:24 +0530
Served asset /product.js - 304 Not Modified (0ms)


Started GET "/assets/application.js?body=1" for 127.0.0.1 at 2013-04-05 13:10:24 +0530
Served asset /application.js - 304 Not Modified (2ms)


Started GET "/products/new" for 127.0.0.1 at 2013-04-05 13:11:26 +0530
Processing by ProductsController#new as HTML
  Rendered products/_form.html.erb (2.9ms)
  Rendered products/new.html.erb within layouts/application (3.9ms)
Completed 200 OK in 14ms (Views: 13.0ms | ActiveRecord: 0.0ms)


Started GET "/assets/application.css?body=1" for 127.0.0.1 at 2013-04-05 13:11:26 +0530
Served asset /application.css - 304 Not Modified (8ms)


Started GET "/assets/say.css?body=1" for 127.0.0.1 at 2013-04-05 13:11:26 +0530
Served asset /say.css - 304 Not Modified (0ms)


Started GET "/assets/jquery.js?body=1" for 127.0.0.1 at 2013-04-05 13:11:26 +0530
Served asset /jquery.js - 304 Not Modified (3ms)


Started GET "/assets/product.css?body=1" for 127.0.0.1 at 2013-04-05 13:11:26 +0530
Served asset /product.css - 304 Not Modified (0ms)


Started GET "/assets/jquery_ujs.js?body=1" for 127.0.0.1 at 2013-04-05 13:11:26 +0530
Served asset /jquery_ujs.js - 304 Not Modified (0ms)


Started GET "/assets/product.js?body=1" for 127.0.0.1 at 2013-04-05 13:11:26 +0530
Served asset /product.js - 304 Not Modified (0ms)


Started GET "/assets/say.js?body=1" for 127.0.0.1 at 2013-04-05 13:11:26 +0530
Served asset /say.js - 304 Not Modified (0ms)


Started GET "/assets/application.js?body=1" for 127.0.0.1 at 2013-04-05 13:11:26 +0530
Served asset /application.js - 304 Not Modified (2ms)


Started GET "/assets/rails.png" for 127.0.0.1 at 2013-04-17 21:14:05 +0530
Connecting to database specified by database.yml
Served asset /rails.png - 200 OK (36ms)
